2025-05-25 12:43:04,952 - kedro.framework.project - INFO - Using 'conf\logging.yml' as logging configuration. You can change this by setting the KEDRO_LOGGING_CONFIG environment variable accordingly.
2025-05-25 12:43:05,756 - kedro_telemetry.plugin - INFO - Kedro is sending anonymous usage data with the sole purpose of improving the product. No personal data or IP addresses are stored on our side. If you want to opt out, set the `KEDRO_DISABLE_TELEMETRY` or `DO_NOT_TRACK` environment variables, or create a `.telemetry` file in the current working directory with the contents `consent: false`. Read more at https://docs.kedro.org/en/stable/configuration/telemetry.html
2025-05-25 12:43:20,882 - kedro.framework.project - INFO - Using 'conf\logging.yml' as logging configuration. You can change this by setting the KEDRO_LOGGING_CONFIG environment variable accordingly.
2025-05-25 12:43:21,624 - py.warnings - WARNING - C:\Users\timsc\Desktop\MDA Kedro\.venv\Lib\site-packages\kedro\framework\cli\utils.py:111: KedroDeprecationWarning: DeprecationWarning: 'kedro run' flag '--namespace' is deprecated and will be replaced with '--namespaces' from Kedro 1.0.0 to allow running multiple namespaces. 
  warnings.warn(message, KedroDeprecationWarning)

2025-05-25 12:43:21,726 - kedro.framework.session.session - INFO - Kedro project horizon-funding
2025-05-25 12:43:21,785 - py.warnings - WARNING - C:\Users\timsc\Desktop\MDA Kedro\.venv\Lib\site-packages\kedro\framework\project\__init__.py:452: UserWarning: An error occurred while importing the 'horizon_funding.pipelines.data_processing' module. Nothing defined therein will be returned by 'find_pipelines'.

Traceback (most recent call last):
  File "C:\Users\timsc\Desktop\MDA Kedro\.venv\Lib\site-packages\kedro\framework\project\__init__.py", line 444, in find_pipelines
    pipeline_module = importlib.import_module(pipeline_module_name)
  File "C:\Users\timsc\AppData\Local\Programs\Python\Python313\Lib\importlib\__init__.py", line 88, in import_module
    return _bootstrap._gcd_import(name[level:], package, level)
           ~~~~~~~~~~~~~~~~~~~~~~^^^^^^^^^^^^^^^^^^^^^^^^^^^^^^
  File "<frozen importlib._bootstrap>", line 1387, in _gcd_import
  File "<frozen importlib._bootstrap>", line 1360, in _find_and_load
  File "<frozen importlib._bootstrap>", line 1331, in _find_and_load_unlocked
  File "<frozen importlib._bootstrap>", line 935, in _load_unlocked
  File "<frozen importlib._bootstrap_external>", line 1026, in exec_module
  File "<frozen importlib._bootstrap>", line 488, in _call_with_frames_removed
  File "C:\Users\timsc\Desktop\MDA Kedro\horizon-funding\src\horizon_funding\pipelines\data_processing\__init__.py", line 3, in <module>
    from .pipeline import create_pipeline  # NOQA
    ^^^^^^^^^^^^^^^^^^^^^^^^^^^^^^^^^^^^^
  File "C:\Users\timsc\Desktop\MDA Kedro\horizon-funding\src\horizon_funding\pipelines\data_processing\pipeline.py", line 3, in <module>
    from .nodes import create_model_input_table, preprocess_companies, preprocess_shuttles
  File "C:\Users\timsc\Desktop\MDA Kedro\horizon-funding\src\horizon_funding\pipelines\data_processing\nodes.py", line 1, in <module>
    import pandas as pd
ModuleNotFoundError: No module named 'pandas'

  warnings.warn(

2025-05-25 12:43:21,796 - py.warnings - WARNING - C:\Users\timsc\Desktop\MDA Kedro\.venv\Lib\site-packages\kedro\framework\project\__init__.py:452: UserWarning: An error occurred while importing the 'horizon_funding.pipelines.data_science' module. Nothing defined therein will be returned by 'find_pipelines'.

Traceback (most recent call last):
  File "C:\Users\timsc\Desktop\MDA Kedro\.venv\Lib\site-packages\kedro\framework\project\__init__.py", line 444, in find_pipelines
    pipeline_module = importlib.import_module(pipeline_module_name)
  File "C:\Users\timsc\AppData\Local\Programs\Python\Python313\Lib\importlib\__init__.py", line 88, in import_module
    return _bootstrap._gcd_import(name[level:], package, level)
           ~~~~~~~~~~~~~~~~~~~~~~^^^^^^^^^^^^^^^^^^^^^^^^^^^^^^
  File "<frozen importlib._bootstrap>", line 1387, in _gcd_import
  File "<frozen importlib._bootstrap>", line 1360, in _find_and_load
  File "<frozen importlib._bootstrap>", line 1331, in _find_and_load_unlocked
  File "<frozen importlib._bootstrap>", line 935, in _load_unlocked
  File "<frozen importlib._bootstrap_external>", line 1026, in exec_module
  File "<frozen importlib._bootstrap>", line 488, in _call_with_frames_removed
  File "C:\Users\timsc\Desktop\MDA Kedro\horizon-funding\src\horizon_funding\pipelines\data_science\__init__.py", line 3, in <module>
    from .pipeline import create_pipeline  # NOQA
    ^^^^^^^^^^^^^^^^^^^^^^^^^^^^^^^^^^^^^
  File "C:\Users\timsc\Desktop\MDA Kedro\horizon-funding\src\horizon_funding\pipelines\data_science\pipeline.py", line 3, in <module>
    from .nodes import evaluate_model, split_data, train_model
  File "C:\Users\timsc\Desktop\MDA Kedro\horizon-funding\src\horizon_funding\pipelines\data_science\nodes.py", line 3, in <module>
    import pandas as pd
ModuleNotFoundError: No module named 'pandas'

  warnings.warn(

2025-05-25 12:43:21,813 - py.warnings - WARNING - C:\Users\timsc\Desktop\MDA Kedro\.venv\Lib\site-packages\kedro\framework\project\__init__.py:452: UserWarning: An error occurred while importing the 'horizon_funding.pipelines.reporting' module. Nothing defined therein will be returned by 'find_pipelines'.

Traceback (most recent call last):
  File "C:\Users\timsc\Desktop\MDA Kedro\.venv\Lib\site-packages\kedro\framework\project\__init__.py", line 444, in find_pipelines
    pipeline_module = importlib.import_module(pipeline_module_name)
  File "C:\Users\timsc\AppData\Local\Programs\Python\Python313\Lib\importlib\__init__.py", line 88, in import_module
    return _bootstrap._gcd_import(name[level:], package, level)
           ~~~~~~~~~~~~~~~~~~~~~~^^^^^^^^^^^^^^^^^^^^^^^^^^^^^^
  File "<frozen importlib._bootstrap>", line 1387, in _gcd_import
  File "<frozen importlib._bootstrap>", line 1360, in _find_and_load
  File "<frozen importlib._bootstrap>", line 1331, in _find_and_load_unlocked
  File "<frozen importlib._bootstrap>", line 935, in _load_unlocked
  File "<frozen importlib._bootstrap_external>", line 1026, in exec_module
  File "<frozen importlib._bootstrap>", line 488, in _call_with_frames_removed
  File "C:\Users\timsc\Desktop\MDA Kedro\horizon-funding\src\horizon_funding\pipelines\reporting\__init__.py", line 3, in <module>
    from .pipeline import create_pipeline
  File "C:\Users\timsc\Desktop\MDA Kedro\horizon-funding\src\horizon_funding\pipelines\reporting\pipeline.py", line 3, in <module>
    from .nodes import (
    ...<3 lines>...
    )
  File "C:\Users\timsc\Desktop\MDA Kedro\horizon-funding\src\horizon_funding\pipelines\reporting\nodes.py", line 1, in <module>
    import matplotlib.pyplot as plt
ModuleNotFoundError: No module named 'matplotlib'

  warnings.warn(

2025-05-25 12:43:21,819 - kedro_telemetry.plugin - INFO - Kedro is sending anonymous usage data with the sole purpose of improving the product. No personal data or IP addresses are stored on our side. If you want to opt out, set the `KEDRO_DISABLE_TELEMETRY` or `DO_NOT_TRACK` environment variables, or create a `.telemetry` file in the current working directory with the contents `consent: false`. Read more at https://docs.kedro.org/en/stable/configuration/telemetry.html
2025-05-25 12:43:49,487 - kedro.framework.project - INFO - Using 'conf\logging.yml' as logging configuration. You can change this by setting the KEDRO_LOGGING_CONFIG environment variable accordingly.
2025-05-25 12:43:50,202 - kedro_telemetry.plugin - INFO - Kedro is sending anonymous usage data with the sole purpose of improving the product. No personal data or IP addresses are stored on our side. If you want to opt out, set the `KEDRO_DISABLE_TELEMETRY` or `DO_NOT_TRACK` environment variables, or create a `.telemetry` file in the current working directory with the contents `consent: false`. Read more at https://docs.kedro.org/en/stable/configuration/telemetry.html
2025-05-25 12:44:06,148 - kedro.framework.project - INFO - Using 'conf\logging.yml' as logging configuration. You can change this by setting the KEDRO_LOGGING_CONFIG environment variable accordingly.
2025-05-25 12:44:06,965 - kedro_telemetry.plugin - INFO - Kedro is sending anonymous usage data with the sole purpose of improving the product. No personal data or IP addresses are stored on our side. If you want to opt out, set the `KEDRO_DISABLE_TELEMETRY` or `DO_NOT_TRACK` environment variables, or create a `.telemetry` file in the current working directory with the contents `consent: false`. Read more at https://docs.kedro.org/en/stable/configuration/telemetry.html
2025-05-25 14:14:35,960 - kedro.framework.project - INFO - Using 'conf\logging.yml' as logging configuration. You can change this by setting the KEDRO_LOGGING_CONFIG environment variable accordingly.
2025-05-25 14:14:36,891 - py.warnings - WARNING - C:\Users\timsc\Desktop\MDA Kedro\.venv\Lib\site-packages\kedro\framework\cli\utils.py:111: KedroDeprecationWarning: DeprecationWarning: 'kedro run' flag '--namespace' is deprecated and will be replaced with '--namespaces' from Kedro 1.0.0 to allow running multiple namespaces. 
  warnings.warn(message, KedroDeprecationWarning)

2025-05-25 14:14:36,981 - kedro.framework.session.session - INFO - Kedro project horizon-funding
2025-05-25 14:14:39,514 - kedro_telemetry.plugin - INFO - Kedro is sending anonymous usage data with the sole purpose of improving the product. No personal data or IP addresses are stored on our side. If you want to opt out, set the `KEDRO_DISABLE_TELEMETRY` or `DO_NOT_TRACK` environment variables, or create a `.telemetry` file in the current working directory with the contents `consent: false`. Read more at https://docs.kedro.org/en/stable/configuration/telemetry.html
2025-05-25 15:17:04,032 - kedro.framework.project - INFO - Using 'conf\logging.yml' as logging configuration. You can change this by setting the KEDRO_LOGGING_CONFIG environment variable accordingly.
2025-05-25 15:17:05,099 - kedro_telemetry.plugin - INFO - Kedro is sending anonymous usage data with the sole purpose of improving the product. No personal data or IP addresses are stored on our side. If you want to opt out, set the `KEDRO_DISABLE_TELEMETRY` or `DO_NOT_TRACK` environment variables, or create a `.telemetry` file in the current working directory with the contents `consent: false`. Read more at https://docs.kedro.org/en/stable/configuration/telemetry.html
2025-05-25 15:17:31,980 - kedro.framework.project - INFO - Using 'conf\logging.yml' as logging configuration. You can change this by setting the KEDRO_LOGGING_CONFIG environment variable accordingly.
2025-05-25 15:17:32,886 - kedro_telemetry.plugin - INFO - Kedro is sending anonymous usage data with the sole purpose of improving the product. No personal data or IP addresses are stored on our side. If you want to opt out, set the `KEDRO_DISABLE_TELEMETRY` or `DO_NOT_TRACK` environment variables, or create a `.telemetry` file in the current working directory with the contents `consent: false`. Read more at https://docs.kedro.org/en/stable/configuration/telemetry.html
2025-05-25 15:21:23,645 - kedro.framework.project - INFO - Using 'conf\logging.yml' as logging configuration. You can change this by setting the KEDRO_LOGGING_CONFIG environment variable accordingly.
2025-05-25 15:21:24,827 - kedro_telemetry.plugin - INFO - Kedro is sending anonymous usage data with the sole purpose of improving the product. No personal data or IP addresses are stored on our side. If you want to opt out, set the `KEDRO_DISABLE_TELEMETRY` or `DO_NOT_TRACK` environment variables, or create a `.telemetry` file in the current working directory with the contents `consent: false`. Read more at https://docs.kedro.org/en/stable/configuration/telemetry.html
2025-05-25 15:21:58,802 - kedro.framework.project - INFO - Using 'conf\logging.yml' as logging configuration. You can change this by setting the KEDRO_LOGGING_CONFIG environment variable accordingly.
2025-05-25 15:22:07,032 - kedro.framework.project - INFO - Using 'conf\logging.yml' as logging configuration. You can change this by setting the KEDRO_LOGGING_CONFIG environment variable accordingly.
2025-05-25 15:22:08,378 - py.warnings - WARNING - C:\Users\timsc\Desktop\MDA Kedro\.venv\Lib\site-packages\kedro\io\core.py:575: UserWarning: Since kedro-datasets 2.0, 'Dataset' is spelled with a lowercase 's'. Got 'pandas.CSVDataSet'.
  warnings.warn(

2025-05-25 15:23:59,516 - kedro_telemetry.plugin - INFO - Kedro is sending anonymous usage data with the sole purpose of improving the product. No personal data or IP addresses are stored on our side. If you want to opt out, set the `KEDRO_DISABLE_TELEMETRY` or `DO_NOT_TRACK` environment variables, or create a `.telemetry` file in the current working directory with the contents `consent: false`. Read more at https://docs.kedro.org/en/stable/configuration/telemetry.html
2025-05-25 16:34:25,214 - kedro.framework.project - INFO - Using 'conf\logging.yml' as logging configuration. You can change this by setting the KEDRO_LOGGING_CONFIG environment variable accordingly.
2025-05-25 16:34:26,110 - py.warnings - WARNING - C:\Users\timsc\Desktop\MDA Kedro\.venv\Lib\site-packages\kedro\framework\cli\utils.py:111: KedroDeprecationWarning: DeprecationWarning: 'kedro run' flag '--namespace' is deprecated and will be replaced with '--namespaces' from Kedro 1.0.0 to allow running multiple namespaces. 
  warnings.warn(message, KedroDeprecationWarning)

2025-05-25 16:34:26,240 - kedro.framework.session.session - INFO - Kedro project horizon-funding
2025-05-25 16:34:36,193 - py.warnings - WARNING - C:\Users\timsc\Desktop\MDA Kedro\.venv\Lib\site-packages\kedro\io\core.py:575: UserWarning: Since kedro-datasets 2.0, 'Dataset' is spelled with a lowercase 's'. Got 'pandas.CSVDataSet'.
  warnings.warn(

2025-05-25 16:34:36,201 - kedro_telemetry.plugin - INFO - Kedro is sending anonymous usage data with the sole purpose of improving the product. No personal data or IP addresses are stored on our side. If you want to opt out, set the `KEDRO_DISABLE_TELEMETRY` or `DO_NOT_TRACK` environment variables, or create a `.telemetry` file in the current working directory with the contents `consent: false`. Read more at https://docs.kedro.org/en/stable/configuration/telemetry.html
2025-05-25 17:55:00,796 - kedro.framework.project - INFO - Using 'conf\logging.yml' as logging configuration. You can change this by setting the KEDRO_LOGGING_CONFIG environment variable accordingly.
2025-05-25 17:55:04,336 - py.warnings - WARNING - C:\Users\timsc\Desktop\MDA Kedro\.venv\Lib\site-packages\mlflow\pyfunc\utils\data_validation.py:186: UserWarning: [33mAdd type hints to the `predict` method to enable data validation and automatic signature inference during model logging. Check https://mlflow.org/docs/latest/model/python_model.html#type-hint-usage-in-pythonmodel for more details.[0m
  color_warning(

2025-05-25 17:55:04,570 - py.warnings - WARNING - C:\Users\timsc\Desktop\MDA Kedro\.venv\Lib\site-packages\kedro\framework\cli\utils.py:111: KedroDeprecationWarning: DeprecationWarning: 'kedro run' flag '--namespace' is deprecated and will be replaced with '--namespaces' from Kedro 1.0.0 to allow running multiple namespaces. 
  warnings.warn(message, KedroDeprecationWarning)

2025-05-25 17:55:04,716 - kedro.framework.session.session - INFO - Kedro project horizon-funding
2025-05-25 17:55:04,752 - kedro_mlflow.framework.hooks.mlflow_hook - INFO - Registering new custom resolver: 'km.random_name'
2025-05-25 17:55:04,797 - kedro_telemetry.plugin - INFO - Kedro is sending anonymous usage data with the sole purpose of improving the product. No personal data or IP addresses are stored on our side. If you want to opt out, set the `KEDRO_DISABLE_TELEMETRY` or `DO_NOT_TRACK` environment variables, or create a `.telemetry` file in the current working directory with the contents `consent: false`. Read more at https://docs.kedro.org/en/stable/configuration/telemetry.html
2025-05-25 17:58:18,673 - kedro.framework.project - INFO - Using 'conf\logging.yml' as logging configuration. You can change this by setting the KEDRO_LOGGING_CONFIG environment variable accordingly.
2025-05-25 17:58:21,752 - py.warnings - WARNING - C:\Users\timsc\Desktop\MDA Kedro\.venv\Lib\site-packages\mlflow\pyfunc\utils\data_validation.py:186: UserWarning: [33mAdd type hints to the `predict` method to enable data validation and automatic signature inference during model logging. Check https://mlflow.org/docs/latest/model/python_model.html#type-hint-usage-in-pythonmodel for more details.[0m
  color_warning(

2025-05-25 17:58:22,009 - py.warnings - WARNING - C:\Users\timsc\Desktop\MDA Kedro\.venv\Lib\site-packages\kedro\framework\cli\utils.py:111: KedroDeprecationWarning: DeprecationWarning: 'kedro run' flag '--namespace' is deprecated and will be replaced with '--namespaces' from Kedro 1.0.0 to allow running multiple namespaces. 
  warnings.warn(message, KedroDeprecationWarning)

2025-05-25 17:58:22,164 - kedro.framework.session.session - INFO - Kedro project horizon-funding
2025-05-25 17:58:22,201 - kedro_mlflow.framework.hooks.mlflow_hook - INFO - Registering new custom resolver: 'km.random_name'
2025-05-25 17:58:22,219 - kedro_mlflow.config.kedro_mlflow_config - INFO - The 'tracking_uri' key in mlflow.yml is relative ('server.mlflow_(tracking|registry)_uri = ./mlruns'). It is converted to a valid uri: 'file:///C:/Users/timsc/Desktop/MDA%20Kedro/horizon-funding/mlruns'
2025-05-25 17:58:23,659 - py.warnings - WARNING - C:\Users\timsc\Desktop\MDA Kedro\.venv\Lib\site-packages\kedro\io\core.py:575: UserWarning: Since kedro-datasets 2.0, 'Dataset' is spelled with a lowercase 's'. Got 'pandas.ExcelDataSet'.
  warnings.warn(

2025-05-25 17:58:23,668 - kedro_telemetry.plugin - INFO - Kedro is sending anonymous usage data with the sole purpose of improving the product. No personal data or IP addresses are stored on our side. If you want to opt out, set the `KEDRO_DISABLE_TELEMETRY` or `DO_NOT_TRACK` environment variables, or create a `.telemetry` file in the current working directory with the contents `consent: false`. Read more at https://docs.kedro.org/en/stable/configuration/telemetry.html
2025-05-25 18:01:16,720 - kedro.framework.project - INFO - Using 'conf\logging.yml' as logging configuration. You can change this by setting the KEDRO_LOGGING_CONFIG environment variable accordingly.
2025-05-25 18:01:19,320 - py.warnings - WARNING - C:\Users\timsc\Desktop\MDA Kedro\.venv\Lib\site-packages\mlflow\pyfunc\utils\data_validation.py:186: UserWarning: [33mAdd type hints to the `predict` method to enable data validation and automatic signature inference during model logging. Check https://mlflow.org/docs/latest/model/python_model.html#type-hint-usage-in-pythonmodel for more details.[0m
  color_warning(

2025-05-25 18:01:19,547 - py.warnings - WARNING - C:\Users\timsc\Desktop\MDA Kedro\.venv\Lib\site-packages\kedro\framework\cli\utils.py:111: KedroDeprecationWarning: DeprecationWarning: 'kedro run' flag '--namespace' is deprecated and will be replaced with '--namespaces' from Kedro 1.0.0 to allow running multiple namespaces. 
  warnings.warn(message, KedroDeprecationWarning)

2025-05-25 18:01:19,677 - kedro.framework.session.session - INFO - Kedro project horizon-funding
2025-05-25 18:01:19,714 - kedro_mlflow.framework.hooks.mlflow_hook - INFO - Registering new custom resolver: 'km.random_name'
2025-05-25 18:01:19,720 - kedro_mlflow.config.kedro_mlflow_config - INFO - The 'tracking_uri' key in mlflow.yml is relative ('server.mlflow_(tracking|registry)_uri = ./mlruns'). It is converted to a valid uri: 'file:///C:/Users/timsc/Desktop/MDA%20Kedro/horizon-funding/mlruns'
2025-05-25 18:01:20,331 - py.warnings - WARNING - C:\Users\timsc\Desktop\MDA Kedro\.venv\Lib\site-packages\kedro\io\core.py:575: UserWarning: Since kedro-datasets 2.0, 'Dataset' is spelled with a lowercase 's'. Got 'kedro_datasets.excel.ExcelDataSet'.
  warnings.warn(

2025-05-25 18:01:20,337 - kedro_telemetry.plugin - INFO - Kedro is sending anonymous usage data with the sole purpose of improving the product. No personal data or IP addresses are stored on our side. If you want to opt out, set the `KEDRO_DISABLE_TELEMETRY` or `DO_NOT_TRACK` environment variables, or create a `.telemetry` file in the current working directory with the contents `consent: false`. Read more at https://docs.kedro.org/en/stable/configuration/telemetry.html
2025-05-25 18:02:41,382 - kedro.framework.project - INFO - Using 'conf\logging.yml' as logging configuration. You can change this by setting the KEDRO_LOGGING_CONFIG environment variable accordingly.
2025-05-25 18:02:43,910 - py.warnings - WARNING - C:\Users\timsc\Desktop\MDA Kedro\.venv\Lib\site-packages\mlflow\pyfunc\utils\data_validation.py:186: UserWarning: [33mAdd type hints to the `predict` method to enable data validation and automatic signature inference during model logging. Check https://mlflow.org/docs/latest/model/python_model.html#type-hint-usage-in-pythonmodel for more details.[0m
  color_warning(

2025-05-25 18:02:44,135 - py.warnings - WARNING - C:\Users\timsc\Desktop\MDA Kedro\.venv\Lib\site-packages\kedro\framework\cli\utils.py:111: KedroDeprecationWarning: DeprecationWarning: 'kedro run' flag '--namespace' is deprecated and will be replaced with '--namespaces' from Kedro 1.0.0 to allow running multiple namespaces. 
  warnings.warn(message, KedroDeprecationWarning)

2025-05-25 18:02:44,294 - kedro.framework.session.session - INFO - Kedro project horizon-funding
2025-05-25 18:02:44,329 - kedro_mlflow.framework.hooks.mlflow_hook - INFO - Registering new custom resolver: 'km.random_name'
2025-05-25 18:02:44,336 - kedro_mlflow.config.kedro_mlflow_config - INFO - The 'tracking_uri' key in mlflow.yml is relative ('server.mlflow_(tracking|registry)_uri = ./mlruns'). It is converted to a valid uri: 'file:///C:/Users/timsc/Desktop/MDA%20Kedro/horizon-funding/mlruns'
2025-05-25 18:02:44,961 - py.warnings - WARNING - C:\Users\timsc\Desktop\MDA Kedro\.venv\Lib\site-packages\kedro\io\core.py:575: UserWarning: Since kedro-datasets 2.0, 'Dataset' is spelled with a lowercase 's'. Got 'kedro_datasets.excel.ExcelDataSet'.
  warnings.warn(

2025-05-25 18:02:44,967 - kedro_telemetry.plugin - INFO - Kedro is sending anonymous usage data with the sole purpose of improving the product. No personal data or IP addresses are stored on our side. If you want to opt out, set the `KEDRO_DISABLE_TELEMETRY` or `DO_NOT_TRACK` environment variables, or create a `.telemetry` file in the current working directory with the contents `consent: false`. Read more at https://docs.kedro.org/en/stable/configuration/telemetry.html
2025-05-25 18:03:06,430 - kedro.framework.project - INFO - Using 'conf\logging.yml' as logging configuration. You can change this by setting the KEDRO_LOGGING_CONFIG environment variable accordingly.
2025-05-25 18:03:09,011 - py.warnings - WARNING - C:\Users\timsc\Desktop\MDA Kedro\.venv\Lib\site-packages\mlflow\pyfunc\utils\data_validation.py:186: UserWarning: [33mAdd type hints to the `predict` method to enable data validation and automatic signature inference during model logging. Check https://mlflow.org/docs/latest/model/python_model.html#type-hint-usage-in-pythonmodel for more details.[0m
  color_warning(

2025-05-25 18:03:09,245 - py.warnings - WARNING - C:\Users\timsc\Desktop\MDA Kedro\.venv\Lib\site-packages\kedro\framework\cli\utils.py:111: KedroDeprecationWarning: DeprecationWarning: 'kedro run' flag '--namespace' is deprecated and will be replaced with '--namespaces' from Kedro 1.0.0 to allow running multiple namespaces. 
  warnings.warn(message, KedroDeprecationWarning)

2025-05-25 18:03:09,393 - kedro.framework.session.session - INFO - Kedro project horizon-funding
2025-05-25 18:03:09,429 - kedro_mlflow.framework.hooks.mlflow_hook - INFO - Registering new custom resolver: 'km.random_name'
2025-05-25 18:03:09,436 - kedro_mlflow.config.kedro_mlflow_config - INFO - The 'tracking_uri' key in mlflow.yml is relative ('server.mlflow_(tracking|registry)_uri = ./mlruns'). It is converted to a valid uri: 'file:///C:/Users/timsc/Desktop/MDA%20Kedro/horizon-funding/mlruns'
2025-05-25 18:03:10,054 - py.warnings - WARNING - C:\Users\timsc\Desktop\MDA Kedro\.venv\Lib\site-packages\kedro\io\core.py:575: UserWarning: Since kedro-datasets 2.0, 'Dataset' is spelled with a lowercase 's'. Got 'kedro_datasets.excel.ExcelDataSet'.
  warnings.warn(

2025-05-25 18:03:10,060 - kedro_telemetry.plugin - INFO - Kedro is sending anonymous usage data with the sole purpose of improving the product. No personal data or IP addresses are stored on our side. If you want to opt out, set the `KEDRO_DISABLE_TELEMETRY` or `DO_NOT_TRACK` environment variables, or create a `.telemetry` file in the current working directory with the contents `consent: false`. Read more at https://docs.kedro.org/en/stable/configuration/telemetry.html
2025-05-25 18:06:48,674 - kedro.framework.project - INFO - Using 'conf\logging.yml' as logging configuration. You can change this by setting the KEDRO_LOGGING_CONFIG environment variable accordingly.
2025-05-25 18:06:52,083 - py.warnings - WARNING - C:\Users\timsc\Desktop\MDA Kedro\.venv\Lib\site-packages\mlflow\pyfunc\utils\data_validation.py:186: UserWarning: [33mAdd type hints to the `predict` method to enable data validation and automatic signature inference during model logging. Check https://mlflow.org/docs/latest/model/python_model.html#type-hint-usage-in-pythonmodel for more details.[0m
  color_warning(

2025-05-25 18:06:52,325 - py.warnings - WARNING - C:\Users\timsc\Desktop\MDA Kedro\.venv\Lib\site-packages\kedro\framework\cli\utils.py:111: KedroDeprecationWarning: DeprecationWarning: 'kedro run' flag '--namespace' is deprecated and will be replaced with '--namespaces' from Kedro 1.0.0 to allow running multiple namespaces. 
  warnings.warn(message, KedroDeprecationWarning)

2025-05-25 18:06:52,479 - kedro.framework.session.session - INFO - Kedro project horizon-funding
2025-05-25 18:06:52,515 - kedro_mlflow.framework.hooks.mlflow_hook - INFO - Registering new custom resolver: 'km.random_name'
2025-05-25 18:06:52,522 - kedro_mlflow.config.kedro_mlflow_config - INFO - The 'tracking_uri' key in mlflow.yml is relative ('server.mlflow_(tracking|registry)_uri = ./mlruns'). It is converted to a valid uri: 'file:///C:/Users/timsc/Desktop/MDA%20Kedro/horizon-funding/mlruns'
2025-05-25 18:06:53,576 - py.warnings - WARNING - C:\Users\timsc\Desktop\MDA Kedro\.venv\Lib\site-packages\kedro\io\core.py:575: UserWarning: Since kedro-datasets 2.0, 'Dataset' is spelled with a lowercase 's'. Got 'kedro_datasets.excel.ExcelDataSet'.
  warnings.warn(

2025-05-25 18:06:53,583 - kedro_telemetry.plugin - INFO - Kedro is sending anonymous usage data with the sole purpose of improving the product. No personal data or IP addresses are stored on our side. If you want to opt out, set the `KEDRO_DISABLE_TELEMETRY` or `DO_NOT_TRACK` environment variables, or create a `.telemetry` file in the current working directory with the contents `consent: false`. Read more at https://docs.kedro.org/en/stable/configuration/telemetry.html
2025-05-25 18:07:18,632 - kedro.framework.project - INFO - Using 'conf\logging.yml' as logging configuration. You can change this by setting the KEDRO_LOGGING_CONFIG environment variable accordingly.
2025-05-25 18:07:21,189 - py.warnings - WARNING - C:\Users\timsc\Desktop\MDA Kedro\.venv\Lib\site-packages\mlflow\pyfunc\utils\data_validation.py:186: UserWarning: [33mAdd type hints to the `predict` method to enable data validation and automatic signature inference during model logging. Check https://mlflow.org/docs/latest/model/python_model.html#type-hint-usage-in-pythonmodel for more details.[0m
  color_warning(

2025-05-25 18:07:21,420 - py.warnings - WARNING - C:\Users\timsc\Desktop\MDA Kedro\.venv\Lib\site-packages\kedro\framework\cli\utils.py:111: KedroDeprecationWarning: DeprecationWarning: 'kedro run' flag '--namespace' is deprecated and will be replaced with '--namespaces' from Kedro 1.0.0 to allow running multiple namespaces. 
  warnings.warn(message, KedroDeprecationWarning)

2025-05-25 18:07:21,548 - kedro.framework.session.session - INFO - Kedro project horizon-funding
2025-05-25 18:07:21,586 - kedro_mlflow.framework.hooks.mlflow_hook - INFO - Registering new custom resolver: 'km.random_name'
2025-05-25 18:07:21,595 - kedro_mlflow.config.kedro_mlflow_config - INFO - The 'tracking_uri' key in mlflow.yml is relative ('server.mlflow_(tracking|registry)_uri = ./mlruns'). It is converted to a valid uri: 'file:///C:/Users/timsc/Desktop/MDA%20Kedro/horizon-funding/mlruns'
2025-05-25 18:07:22,158 - py.warnings - WARNING - C:\Users\timsc\Desktop\MDA Kedro\.venv\Lib\site-packages\kedro\io\core.py:575: UserWarning: Since kedro-datasets 2.0, 'Dataset' is spelled with a lowercase 's'. Got 'kedro_datasets.excel.ExcelDataSet'.
  warnings.warn(

2025-05-25 18:07:22,164 - kedro_telemetry.plugin - INFO - Kedro is sending anonymous usage data with the sole purpose of improving the product. No personal data or IP addresses are stored on our side. If you want to opt out, set the `KEDRO_DISABLE_TELEMETRY` or `DO_NOT_TRACK` environment variables, or create a `.telemetry` file in the current working directory with the contents `consent: false`. Read more at https://docs.kedro.org/en/stable/configuration/telemetry.html
2025-05-25 20:39:31,272 - kedro.framework.project - INFO - Using 'conf\logging.yml' as logging configuration. You can change this by setting the KEDRO_LOGGING_CONFIG environment variable accordingly.
2025-05-25 20:39:35,077 - py.warnings - WARNING - C:\Users\timsc\Desktop\MDA Kedro\.venv\Lib\site-packages\mlflow\pyfunc\utils\data_validation.py:186: UserWarning: [33mAdd type hints to the `predict` method to enable data validation and automatic signature inference during model logging. Check https://mlflow.org/docs/latest/model/python_model.html#type-hint-usage-in-pythonmodel for more details.[0m
  color_warning(

2025-05-25 20:39:35,337 - py.warnings - WARNING - C:\Users\timsc\Desktop\MDA Kedro\.venv\Lib\site-packages\kedro\framework\cli\utils.py:111: KedroDeprecationWarning: DeprecationWarning: 'kedro run' flag '--namespace' is deprecated and will be replaced with '--namespaces' from Kedro 1.0.0 to allow running multiple namespaces. 
  warnings.warn(message, KedroDeprecationWarning)

2025-05-25 20:39:35,537 - kedro.framework.session.session - INFO - Kedro project horizon-funding
2025-05-25 20:39:35,580 - kedro_mlflow.framework.hooks.mlflow_hook - INFO - Registering new custom resolver: 'km.random_name'
2025-05-25 20:39:35,588 - kedro_mlflow.config.kedro_mlflow_config - INFO - The 'tracking_uri' key in mlflow.yml is relative ('server.mlflow_(tracking|registry)_uri = ./mlruns'). It is converted to a valid uri: 'file:///C:/Users/timsc/Desktop/MDA%20Kedro/horizon-funding/mlruns'
2025-05-25 20:39:36,814 - py.warnings - WARNING - C:\Users\timsc\Desktop\MDA Kedro\.venv\Lib\site-packages\kedro\io\core.py:575: UserWarning: Since kedro-datasets 2.0, 'Dataset' is spelled with a lowercase 's'. Got 'kedro_datasets.excel.ExcelDataSet'.
  warnings.warn(

2025-05-25 20:39:36,821 - kedro_telemetry.plugin - INFO - Kedro is sending anonymous usage data with the sole purpose of improving the product. No personal data or IP addresses are stored on our side. If you want to opt out, set the `KEDRO_DISABLE_TELEMETRY` or `DO_NOT_TRACK` environment variables, or create a `.telemetry` file in the current working directory with the contents `consent: false`. Read more at https://docs.kedro.org/en/stable/configuration/telemetry.html
2025-05-25 20:42:50,502 - kedro.framework.project - INFO - Using 'conf\logging.yml' as logging configuration. You can change this by setting the KEDRO_LOGGING_CONFIG environment variable accordingly.
2025-05-25 20:42:53,291 - py.warnings - WARNING - C:\Users\timsc\Desktop\MDA Kedro\.venv\Lib\site-packages\mlflow\pyfunc\utils\data_validation.py:186: UserWarning: [33mAdd type hints to the `predict` method to enable data validation and automatic signature inference during model logging. Check https://mlflow.org/docs/latest/model/python_model.html#type-hint-usage-in-pythonmodel for more details.[0m
  color_warning(

2025-05-25 20:42:53,520 - py.warnings - WARNING - C:\Users\timsc\Desktop\MDA Kedro\.venv\Lib\site-packages\kedro\framework\cli\utils.py:111: KedroDeprecationWarning: DeprecationWarning: 'kedro run' flag '--namespace' is deprecated and will be replaced with '--namespaces' from Kedro 1.0.0 to allow running multiple namespaces. 
  warnings.warn(message, KedroDeprecationWarning)

2025-05-25 20:42:53,659 - kedro.framework.session.session - INFO - Kedro project horizon-funding
2025-05-25 20:42:53,694 - kedro_mlflow.framework.hooks.mlflow_hook - INFO - Registering new custom resolver: 'km.random_name'
2025-05-25 20:42:53,702 - kedro_mlflow.config.kedro_mlflow_config - INFO - The 'tracking_uri' key in mlflow.yml is relative ('server.mlflow_(tracking|registry)_uri = ./mlruns'). It is converted to a valid uri: 'file:///C:/Users/timsc/Desktop/MDA%20Kedro/horizon-funding/mlruns'
2025-05-25 20:42:54,290 - py.warnings - WARNING - C:\Users\timsc\Desktop\MDA Kedro\.venv\Lib\site-packages\kedro\io\core.py:575: UserWarning: Since kedro-datasets 2.0, 'Dataset' is spelled with a lowercase 's'. Got 'kedro_datasets.excel.ExcelDataSet'.
  warnings.warn(

2025-05-25 20:42:54,295 - kedro_telemetry.plugin - INFO - Kedro is sending anonymous usage data with the sole purpose of improving the product. No personal data or IP addresses are stored on our side. If you want to opt out, set the `KEDRO_DISABLE_TELEMETRY` or `DO_NOT_TRACK` environment variables, or create a `.telemetry` file in the current working directory with the contents `consent: false`. Read more at https://docs.kedro.org/en/stable/configuration/telemetry.html
2025-05-25 20:44:56,985 - kedro.framework.project - INFO - Using 'conf\logging.yml' as logging configuration. You can change this by setting the KEDRO_LOGGING_CONFIG environment variable accordingly.
2025-05-25 20:45:01,498 - py.warnings - WARNING - C:\Users\timsc\Desktop\MDA Kedro\.venv\Lib\site-packages\mlflow\pyfunc\utils\data_validation.py:186: UserWarning: [33mAdd type hints to the `predict` method to enable data validation and automatic signature inference during model logging. Check https://mlflow.org/docs/latest/model/python_model.html#type-hint-usage-in-pythonmodel for more details.[0m
  color_warning(

2025-05-25 20:45:01,802 - py.warnings - WARNING - C:\Users\timsc\Desktop\MDA Kedro\.venv\Lib\site-packages\kedro\framework\cli\utils.py:111: KedroDeprecationWarning: DeprecationWarning: 'kedro run' flag '--namespace' is deprecated and will be replaced with '--namespaces' from Kedro 1.0.0 to allow running multiple namespaces. 
  warnings.warn(message, KedroDeprecationWarning)

2025-05-25 20:45:01,970 - kedro.framework.session.session - INFO - Kedro project horizon-funding
2025-05-25 20:45:02,012 - kedro_mlflow.framework.hooks.mlflow_hook - INFO - Registering new custom resolver: 'km.random_name'
2025-05-25 20:45:02,019 - kedro_mlflow.config.kedro_mlflow_config - INFO - The 'tracking_uri' key in mlflow.yml is relative ('server.mlflow_(tracking|registry)_uri = ./mlruns'). It is converted to a valid uri: 'file:///C:/Users/timsc/Desktop/MDA%20Kedro/horizon-funding/mlruns'
2025-05-25 20:45:02,711 - py.warnings - WARNING - C:\Users\timsc\Desktop\MDA Kedro\.venv\Lib\site-packages\kedro\io\core.py:575: UserWarning: Since kedro-datasets 2.0, 'Dataset' is spelled with a lowercase 's'. Got 'kedro_datasets.excel.ExcelDataSet'.
  warnings.warn(

2025-05-25 20:45:02,717 - kedro_telemetry.plugin - INFO - Kedro is sending anonymous usage data with the sole purpose of improving the product. No personal data or IP addresses are stored on our side. If you want to opt out, set the `KEDRO_DISABLE_TELEMETRY` or `DO_NOT_TRACK` environment variables, or create a `.telemetry` file in the current working directory with the contents `consent: false`. Read more at https://docs.kedro.org/en/stable/configuration/telemetry.html
2025-05-25 20:48:04,401 - kedro.framework.project - INFO - Using 'conf\logging.yml' as logging configuration. You can change this by setting the KEDRO_LOGGING_CONFIG environment variable accordingly.
2025-05-25 20:48:07,170 - py.warnings - WARNING - C:\Users\timsc\Desktop\MDA Kedro\.venv\Lib\site-packages\mlflow\pyfunc\utils\data_validation.py:186: UserWarning: [33mAdd type hints to the `predict` method to enable data validation and automatic signature inference during model logging. Check https://mlflow.org/docs/latest/model/python_model.html#type-hint-usage-in-pythonmodel for more details.[0m
  color_warning(

2025-05-25 20:48:07,394 - py.warnings - WARNING - C:\Users\timsc\Desktop\MDA Kedro\.venv\Lib\site-packages\kedro\framework\cli\utils.py:111: KedroDeprecationWarning: DeprecationWarning: 'kedro run' flag '--namespace' is deprecated and will be replaced with '--namespaces' from Kedro 1.0.0 to allow running multiple namespaces. 
  warnings.warn(message, KedroDeprecationWarning)

2025-05-25 20:48:07,562 - kedro.framework.session.session - INFO - Kedro project horizon-funding
2025-05-25 20:48:07,602 - kedro_mlflow.framework.hooks.mlflow_hook - INFO - Registering new custom resolver: 'km.random_name'
2025-05-25 20:48:07,609 - kedro_mlflow.config.kedro_mlflow_config - INFO - The 'tracking_uri' key in mlflow.yml is relative ('server.mlflow_(tracking|registry)_uri = ./mlruns'). It is converted to a valid uri: 'file:///C:/Users/timsc/Desktop/MDA%20Kedro/horizon-funding/mlruns'
2025-05-25 20:48:08,186 - py.warnings - WARNING - C:\Users\timsc\Desktop\MDA Kedro\.venv\Lib\site-packages\kedro\io\core.py:575: UserWarning: Since kedro-datasets 2.0, 'Dataset' is spelled with a lowercase 's'. Got 'kedro_datasets.excel.ExcelDataSet'.
  warnings.warn(

2025-05-25 20:48:08,192 - kedro_telemetry.plugin - INFO - Kedro is sending anonymous usage data with the sole purpose of improving the product. No personal data or IP addresses are stored on our side. If you want to opt out, set the `KEDRO_DISABLE_TELEMETRY` or `DO_NOT_TRACK` environment variables, or create a `.telemetry` file in the current working directory with the contents `consent: false`. Read more at https://docs.kedro.org/en/stable/configuration/telemetry.html
2025-05-25 20:48:29,373 - kedro.framework.project - INFO - Using 'conf\logging.yml' as logging configuration. You can change this by setting the KEDRO_LOGGING_CONFIG environment variable accordingly.
2025-05-25 20:48:31,918 - py.warnings - WARNING - C:\Users\timsc\Desktop\MDA Kedro\.venv\Lib\site-packages\mlflow\pyfunc\utils\data_validation.py:186: UserWarning: [33mAdd type hints to the `predict` method to enable data validation and automatic signature inference during model logging. Check https://mlflow.org/docs/latest/model/python_model.html#type-hint-usage-in-pythonmodel for more details.[0m
  color_warning(

2025-05-25 20:48:32,147 - py.warnings - WARNING - C:\Users\timsc\Desktop\MDA Kedro\.venv\Lib\site-packages\kedro\framework\cli\utils.py:111: KedroDeprecationWarning: DeprecationWarning: 'kedro run' flag '--namespace' is deprecated and will be replaced with '--namespaces' from Kedro 1.0.0 to allow running multiple namespaces. 
  warnings.warn(message, KedroDeprecationWarning)

2025-05-25 20:48:32,279 - kedro.framework.session.session - INFO - Kedro project horizon-funding
2025-05-25 20:48:32,313 - kedro_mlflow.framework.hooks.mlflow_hook - INFO - Registering new custom resolver: 'km.random_name'
2025-05-25 20:48:32,320 - kedro_mlflow.config.kedro_mlflow_config - INFO - The 'tracking_uri' key in mlflow.yml is relative ('server.mlflow_(tracking|registry)_uri = ./mlruns'). It is converted to a valid uri: 'file:///C:/Users/timsc/Desktop/MDA%20Kedro/horizon-funding/mlruns'
2025-05-25 20:48:32,878 - py.warnings - WARNING - C:\Users\timsc\Desktop\MDA Kedro\.venv\Lib\site-packages\kedro\io\core.py:575: UserWarning: Since kedro-datasets 2.0, 'Dataset' is spelled with a lowercase 's'. Got 'kedro_datasets.excel.ExcelDataSet'.
  warnings.warn(

2025-05-25 20:48:32,884 - kedro_telemetry.plugin - INFO - Kedro is sending anonymous usage data with the sole purpose of improving the product. No personal data or IP addresses are stored on our side. If you want to opt out, set the `KEDRO_DISABLE_TELEMETRY` or `DO_NOT_TRACK` environment variables, or create a `.telemetry` file in the current working directory with the contents `consent: false`. Read more at https://docs.kedro.org/en/stable/configuration/telemetry.html
2025-05-25 20:48:55,752 - kedro.framework.project - INFO - Using 'conf\logging.yml' as logging configuration. You can change this by setting the KEDRO_LOGGING_CONFIG environment variable accordingly.
2025-05-25 20:48:58,272 - py.warnings - WARNING - C:\Users\timsc\Desktop\MDA Kedro\.venv\Lib\site-packages\mlflow\pyfunc\utils\data_validation.py:186: UserWarning: [33mAdd type hints to the `predict` method to enable data validation and automatic signature inference during model logging. Check https://mlflow.org/docs/latest/model/python_model.html#type-hint-usage-in-pythonmodel for more details.[0m
  color_warning(

2025-05-25 20:48:58,507 - py.warnings - WARNING - C:\Users\timsc\Desktop\MDA Kedro\.venv\Lib\site-packages\kedro\framework\cli\utils.py:111: KedroDeprecationWarning: DeprecationWarning: 'kedro run' flag '--namespace' is deprecated and will be replaced with '--namespaces' from Kedro 1.0.0 to allow running multiple namespaces. 
  warnings.warn(message, KedroDeprecationWarning)

2025-05-25 20:48:58,643 - kedro.framework.session.session - INFO - Kedro project horizon-funding
2025-05-25 20:48:58,679 - kedro_mlflow.framework.hooks.mlflow_hook - INFO - Registering new custom resolver: 'km.random_name'
2025-05-25 20:48:58,685 - kedro_mlflow.config.kedro_mlflow_config - INFO - The 'tracking_uri' key in mlflow.yml is relative ('server.mlflow_(tracking|registry)_uri = ./mlruns'). It is converted to a valid uri: 'file:///C:/Users/timsc/Desktop/MDA%20Kedro/horizon-funding/mlruns'
2025-05-25 20:48:59,235 - py.warnings - WARNING - C:\Users\timsc\Desktop\MDA Kedro\.venv\Lib\site-packages\kedro\io\core.py:575: UserWarning: Since kedro-datasets 2.0, 'Dataset' is spelled with a lowercase 's'. Got 'kedro_datasets.excel.ExcelDataSet'.
  warnings.warn(

2025-05-25 20:48:59,241 - kedro_telemetry.plugin - INFO - Kedro is sending anonymous usage data with the sole purpose of improving the product. No personal data or IP addresses are stored on our side. If you want to opt out, set the `KEDRO_DISABLE_TELEMETRY` or `DO_NOT_TRACK` environment variables, or create a `.telemetry` file in the current working directory with the contents `consent: false`. Read more at https://docs.kedro.org/en/stable/configuration/telemetry.html
2025-05-25 20:50:06,604 - kedro.framework.project - INFO - Using 'conf\logging.yml' as logging configuration. You can change this by setting the KEDRO_LOGGING_CONFIG environment variable accordingly.
2025-05-25 20:50:09,142 - py.warnings - WARNING - C:\Users\timsc\Desktop\MDA Kedro\.venv\Lib\site-packages\mlflow\pyfunc\utils\data_validation.py:186: UserWarning: [33mAdd type hints to the `predict` method to enable data validation and automatic signature inference during model logging. Check https://mlflow.org/docs/latest/model/python_model.html#type-hint-usage-in-pythonmodel for more details.[0m
  color_warning(

2025-05-25 20:50:09,366 - py.warnings - WARNING - C:\Users\timsc\Desktop\MDA Kedro\.venv\Lib\site-packages\kedro\framework\cli\utils.py:111: KedroDeprecationWarning: DeprecationWarning: 'kedro run' flag '--namespace' is deprecated and will be replaced with '--namespaces' from Kedro 1.0.0 to allow running multiple namespaces. 
  warnings.warn(message, KedroDeprecationWarning)

2025-05-25 20:50:09,504 - kedro.framework.session.session - INFO - Kedro project horizon-funding
2025-05-25 20:50:09,539 - kedro_mlflow.framework.hooks.mlflow_hook - INFO - Registering new custom resolver: 'km.random_name'
2025-05-25 20:50:09,546 - kedro_mlflow.config.kedro_mlflow_config - INFO - The 'tracking_uri' key in mlflow.yml is relative ('server.mlflow_(tracking|registry)_uri = ./mlruns'). It is converted to a valid uri: 'file:///C:/Users/timsc/Desktop/MDA%20Kedro/horizon-funding/mlruns'
2025-05-25 20:50:10,125 - py.warnings - WARNING - C:\Users\timsc\Desktop\MDA Kedro\.venv\Lib\site-packages\kedro\io\core.py:575: UserWarning: Since kedro-datasets 2.0, 'Dataset' is spelled with a lowercase 's'. Got 'kedro_datasets.excel.ExcelDataSet'.
  warnings.warn(

2025-05-25 20:50:10,129 - kedro_telemetry.plugin - INFO - Kedro is sending anonymous usage data with the sole purpose of improving the product. No personal data or IP addresses are stored on our side. If you want to opt out, set the `KEDRO_DISABLE_TELEMETRY` or `DO_NOT_TRACK` environment variables, or create a `.telemetry` file in the current working directory with the contents `consent: false`. Read more at https://docs.kedro.org/en/stable/configuration/telemetry.html
2025-05-25 20:50:38,508 - kedro.framework.project - INFO - Using 'conf\logging.yml' as logging configuration. You can change this by setting the KEDRO_LOGGING_CONFIG environment variable accordingly.
2025-05-25 20:50:41,314 - py.warnings - WARNING - C:\Users\timsc\Desktop\MDA Kedro\.venv\Lib\site-packages\mlflow\pyfunc\utils\data_validation.py:186: UserWarning: [33mAdd type hints to the `predict` method to enable data validation and automatic signature inference during model logging. Check https://mlflow.org/docs/latest/model/python_model.html#type-hint-usage-in-pythonmodel for more details.[0m
  color_warning(

2025-05-25 20:50:41,556 - py.warnings - WARNING - C:\Users\timsc\Desktop\MDA Kedro\.venv\Lib\site-packages\kedro\framework\cli\utils.py:111: KedroDeprecationWarning: DeprecationWarning: 'kedro run' flag '--namespace' is deprecated and will be replaced with '--namespaces' from Kedro 1.0.0 to allow running multiple namespaces. 
  warnings.warn(message, KedroDeprecationWarning)

2025-05-25 20:50:41,707 - kedro.framework.session.session - INFO - Kedro project horizon-funding
2025-05-25 20:50:41,747 - kedro_mlflow.framework.hooks.mlflow_hook - INFO - Registering new custom resolver: 'km.random_name'
2025-05-25 20:50:41,754 - kedro_mlflow.config.kedro_mlflow_config - INFO - The 'tracking_uri' key in mlflow.yml is relative ('server.mlflow_(tracking|registry)_uri = ./mlruns'). It is converted to a valid uri: 'file:///C:/Users/timsc/Desktop/MDA%20Kedro/horizon-funding/mlruns'
2025-05-25 20:50:42,357 - py.warnings - WARNING - C:\Users\timsc\Desktop\MDA Kedro\.venv\Lib\site-packages\kedro\io\core.py:575: UserWarning: Since kedro-datasets 2.0, 'Dataset' is spelled with a lowercase 's'. Got 'kedro_datasets.excel.ExcelDataSet'.
  warnings.warn(

2025-05-25 20:50:42,363 - kedro_telemetry.plugin - INFO - Kedro is sending anonymous usage data with the sole purpose of improving the product. No personal data or IP addresses are stored on our side. If you want to opt out, set the `KEDRO_DISABLE_TELEMETRY` or `DO_NOT_TRACK` environment variables, or create a `.telemetry` file in the current working directory with the contents `consent: false`. Read more at https://docs.kedro.org/en/stable/configuration/telemetry.html
2025-05-25 20:51:11,621 - kedro.framework.project - INFO - Using 'conf\logging.yml' as logging configuration. You can change this by setting the KEDRO_LOGGING_CONFIG environment variable accordingly.
2025-05-25 20:51:14,384 - py.warnings - WARNING - C:\Users\timsc\Desktop\MDA Kedro\.venv\Lib\site-packages\mlflow\pyfunc\utils\data_validation.py:186: UserWarning: [33mAdd type hints to the `predict` method to enable data validation and automatic signature inference during model logging. Check https://mlflow.org/docs/latest/model/python_model.html#type-hint-usage-in-pythonmodel for more details.[0m
  color_warning(

2025-05-25 20:51:14,609 - py.warnings - WARNING - C:\Users\timsc\Desktop\MDA Kedro\.venv\Lib\site-packages\kedro\framework\cli\utils.py:111: KedroDeprecationWarning: DeprecationWarning: 'kedro run' flag '--namespace' is deprecated and will be replaced with '--namespaces' from Kedro 1.0.0 to allow running multiple namespaces. 
  warnings.warn(message, KedroDeprecationWarning)

2025-05-25 20:51:14,740 - kedro.framework.session.session - INFO - Kedro project horizon-funding
2025-05-25 20:51:14,773 - kedro_mlflow.framework.hooks.mlflow_hook - INFO - Registering new custom resolver: 'km.random_name'
2025-05-25 20:51:14,779 - kedro_mlflow.config.kedro_mlflow_config - INFO - The 'tracking_uri' key in mlflow.yml is relative ('server.mlflow_(tracking|registry)_uri = ./mlruns'). It is converted to a valid uri: 'file:///C:/Users/timsc/Desktop/MDA%20Kedro/horizon-funding/mlruns'
2025-05-25 20:51:15,406 - py.warnings - WARNING - C:\Users\timsc\Desktop\MDA Kedro\.venv\Lib\site-packages\kedro\io\core.py:575: UserWarning: Since kedro-datasets 2.0, 'Dataset' is spelled with a lowercase 's'. Got 'kedro_datasets.excel.ExcelDataSet'.
  warnings.warn(

2025-05-25 20:51:15,411 - kedro_telemetry.plugin - INFO - Kedro is sending anonymous usage data with the sole purpose of improving the product. No personal data or IP addresses are stored on our side. If you want to opt out, set the `KEDRO_DISABLE_TELEMETRY` or `DO_NOT_TRACK` environment variables, or create a `.telemetry` file in the current working directory with the contents `consent: false`. Read more at https://docs.kedro.org/en/stable/configuration/telemetry.html
2025-05-25 20:52:50,940 - kedro.framework.project - INFO - Using 'conf\logging.yml' as logging configuration. You can change this by setting the KEDRO_LOGGING_CONFIG environment variable accordingly.
2025-05-25 20:52:53,504 - py.warnings - WARNING - C:\Users\timsc\Desktop\MDA Kedro\.venv\Lib\site-packages\mlflow\pyfunc\utils\data_validation.py:186: UserWarning: [33mAdd type hints to the `predict` method to enable data validation and automatic signature inference during model logging. Check https://mlflow.org/docs/latest/model/python_model.html#type-hint-usage-in-pythonmodel for more details.[0m
  color_warning(

2025-05-25 20:52:53,753 - py.warnings - WARNING - C:\Users\timsc\Desktop\MDA Kedro\.venv\Lib\site-packages\kedro\framework\cli\utils.py:111: KedroDeprecationWarning: DeprecationWarning: 'kedro run' flag '--namespace' is deprecated and will be replaced with '--namespaces' from Kedro 1.0.0 to allow running multiple namespaces. 
  warnings.warn(message, KedroDeprecationWarning)

2025-05-25 20:52:53,892 - kedro.framework.session.session - INFO - Kedro project horizon-funding
2025-05-25 20:52:53,928 - kedro_mlflow.framework.hooks.mlflow_hook - INFO - Registering new custom resolver: 'km.random_name'
2025-05-25 20:52:53,935 - kedro_mlflow.config.kedro_mlflow_config - INFO - The 'tracking_uri' key in mlflow.yml is relative ('server.mlflow_(tracking|registry)_uri = ./mlruns'). It is converted to a valid uri: 'file:///C:/Users/timsc/Desktop/MDA%20Kedro/horizon-funding/mlruns'
2025-05-25 20:52:54,529 - py.warnings - WARNING - C:\Users\timsc\Desktop\MDA Kedro\.venv\Lib\site-packages\kedro\io\core.py:575: UserWarning: Since kedro-datasets 2.0, 'Dataset' is spelled with a lowercase 's'. Got 'kedro_datasets.excel.ExcelDataSet'.
  warnings.warn(

2025-05-25 20:52:54,535 - kedro_telemetry.plugin - INFO - Kedro is sending anonymous usage data with the sole purpose of improving the product. No personal data or IP addresses are stored on our side. If you want to opt out, set the `KEDRO_DISABLE_TELEMETRY` or `DO_NOT_TRACK` environment variables, or create a `.telemetry` file in the current working directory with the contents `consent: false`. Read more at https://docs.kedro.org/en/stable/configuration/telemetry.html
2025-05-25 20:57:48,094 - kedro.framework.project - INFO - Using 'conf\logging.yml' as logging configuration. You can change this by setting the KEDRO_LOGGING_CONFIG environment variable accordingly.
2025-05-25 20:57:50,789 - py.warnings - WARNING - C:\Users\timsc\Desktop\MDA Kedro\.venv\Lib\site-packages\mlflow\pyfunc\utils\data_validation.py:186: UserWarning: [33mAdd type hints to the `predict` method to enable data validation and automatic signature inference during model logging. Check https://mlflow.org/docs/latest/model/python_model.html#type-hint-usage-in-pythonmodel for more details.[0m
  color_warning(

2025-05-25 20:57:51,019 - py.warnings - WARNING - C:\Users\timsc\Desktop\MDA Kedro\.venv\Lib\site-packages\kedro\framework\cli\utils.py:111: KedroDeprecationWarning: DeprecationWarning: 'kedro run' flag '--namespace' is deprecated and will be replaced with '--namespaces' from Kedro 1.0.0 to allow running multiple namespaces. 
  warnings.warn(message, KedroDeprecationWarning)

2025-05-25 20:57:51,172 - kedro.framework.session.session - INFO - Kedro project horizon-funding
2025-05-25 20:57:51,210 - kedro_mlflow.framework.hooks.mlflow_hook - INFO - Registering new custom resolver: 'km.random_name'
2025-05-25 20:57:51,230 - kedro_mlflow.config.kedro_mlflow_config - INFO - The 'tracking_uri' key in mlflow.yml is relative ('server.mlflow_(tracking|registry)_uri = ./mlruns'). It is converted to a valid uri: 'file:///C:/Users/timsc/Desktop/MDA%20Kedro/horizon-funding/mlruns'
2025-05-25 20:57:51,967 - py.warnings - WARNING - C:\Users\timsc\Desktop\MDA Kedro\.venv\Lib\site-packages\kedro\io\core.py:575: UserWarning: Since kedro-datasets 2.0, 'Dataset' is spelled with a lowercase 's'. Got 'pandas.ParquetDataSet'.
  warnings.warn(

2025-05-25 20:57:51,982 - kedro_telemetry.plugin - INFO - Kedro is sending anonymous usage data with the sole purpose of improving the product. No personal data or IP addresses are stored on our side. If you want to opt out, set the `KEDRO_DISABLE_TELEMETRY` or `DO_NOT_TRACK` environment variables, or create a `.telemetry` file in the current working directory with the contents `consent: false`. Read more at https://docs.kedro.org/en/stable/configuration/telemetry.html
2025-05-25 21:12:28,299 - kedro.framework.project - INFO - Using 'conf\logging.yml' as logging configuration. You can change this by setting the KEDRO_LOGGING_CONFIG environment variable accordingly.
2025-05-25 21:12:30,174 - py.warnings - WARNING - C:\Users\timsc\Desktop\MDA Kedro\horizon-funding\.venv\Lib\site-packages\kedro\framework\cli\utils.py:111: KedroDeprecationWarning: DeprecationWarning: 'kedro run' flag '--namespace' is deprecated and will be replaced with '--namespaces' from Kedro 1.0.0 to allow running multiple namespaces. 
  warnings.warn(message, KedroDeprecationWarning)

2025-05-25 21:12:30,327 - kedro.framework.session.session - INFO - Kedro project horizon-funding
2025-05-25 21:12:35,977 - kedro_telemetry.plugin - INFO - Kedro is sending anonymous usage data with the sole purpose of improving the product. No personal data or IP addresses are stored on our side. If you want to opt out, set the `KEDRO_DISABLE_TELEMETRY` or `DO_NOT_TRACK` environment variables, or create a `.telemetry` file in the current working directory with the contents `consent: false`. Read more at https://docs.kedro.org/en/stable/configuration/telemetry.html
2025-05-25 21:14:58,405 - kedro.framework.project - INFO - Using 'conf\logging.yml' as logging configuration. You can change this by setting the KEDRO_LOGGING_CONFIG environment variable accordingly.
2025-05-25 21:14:59,475 - py.warnings - WARNING - C:\Users\timsc\Desktop\MDA Kedro\horizon-funding\.venv\Lib\site-packages\kedro\framework\cli\utils.py:111: KedroDeprecationWarning: DeprecationWarning: 'kedro run' flag '--namespace' is deprecated and will be replaced with '--namespaces' from Kedro 1.0.0 to allow running multiple namespaces. 
  warnings.warn(message, KedroDeprecationWarning)

2025-05-25 21:14:59,604 - kedro.framework.session.session - INFO - Kedro project horizon-funding
2025-05-25 21:15:14,423 - py.warnings - WARNING - C:\Users\timsc\Desktop\MDA Kedro\horizon-funding\.venv\Lib\site-packages\kedro\io\core.py:575: UserWarning: Since kedro-datasets 2.0, 'Dataset' is spelled with a lowercase 's'. Got 'pandas.ParquetDataSet'.
  warnings.warn(

2025-05-25 21:15:14,431 - kedro_telemetry.plugin - INFO - Kedro is sending anonymous usage data with the sole purpose of improving the product. No personal data or IP addresses are stored on our side. If you want to opt out, set the `KEDRO_DISABLE_TELEMETRY` or `DO_NOT_TRACK` environment variables, or create a `.telemetry` file in the current working directory with the contents `consent: false`. Read more at https://docs.kedro.org/en/stable/configuration/telemetry.html
2025-05-25 21:16:30,778 - kedro.framework.project - INFO - Using 'conf\logging.yml' as logging configuration. You can change this by setting the KEDRO_LOGGING_CONFIG environment variable accordingly.
2025-05-25 21:16:31,641 - py.warnings - WARNING - C:\Users\timsc\Desktop\MDA Kedro\horizon-funding\.venv\Lib\site-packages\kedro\framework\cli\utils.py:111: KedroDeprecationWarning: DeprecationWarning: 'kedro run' flag '--namespace' is deprecated and will be replaced with '--namespaces' from Kedro 1.0.0 to allow running multiple namespaces. 
  warnings.warn(message, KedroDeprecationWarning)

2025-05-25 21:16:31,761 - kedro.framework.session.session - INFO - Kedro project horizon-funding
2025-05-25 21:16:34,217 - py.warnings - WARNING - C:\Users\timsc\Desktop\MDA Kedro\horizon-funding\.venv\Lib\site-packages\kedro\io\core.py:575: UserWarning: Since kedro-datasets 2.0, 'Dataset' is spelled with a lowercase 's'. Got 'pandas.ParquetDataSet'.
  warnings.warn(

2025-05-25 21:16:34,225 - kedro_telemetry.plugin - INFO - Kedro is sending anonymous usage data with the sole purpose of improving the product. No personal data or IP addresses are stored on our side. If you want to opt out, set the `KEDRO_DISABLE_TELEMETRY` or `DO_NOT_TRACK` environment variables, or create a `.telemetry` file in the current working directory with the contents `consent: false`. Read more at https://docs.kedro.org/en/stable/configuration/telemetry.html
2025-05-25 21:23:59,291 - kedro.framework.project - INFO - Using 'conf\logging.yml' as logging configuration. You can change this by setting the KEDRO_LOGGING_CONFIG environment variable accordingly.
2025-05-25 21:24:00,198 - py.warnings - WARNING - C:\Users\timsc\Desktop\MDA Kedro\horizon-funding\.venv\Lib\site-packages\kedro\framework\cli\utils.py:111: KedroDeprecationWarning: DeprecationWarning: 'kedro run' flag '--namespace' is deprecated and will be replaced with '--namespaces' from Kedro 1.0.0 to allow running multiple namespaces. 
  warnings.warn(message, KedroDeprecationWarning)

2025-05-25 21:24:00,330 - kedro.framework.session.session - INFO - Kedro project horizon-funding
2025-05-25 21:24:02,962 - py.warnings - WARNING - C:\Users\timsc\Desktop\MDA Kedro\horizon-funding\.venv\Lib\site-packages\kedro\io\core.py:575: UserWarning: Since kedro-datasets 2.0, 'Dataset' is spelled with a lowercase 's'. Got 'pandas.ParquetDataSet'.
  warnings.warn(

2025-05-25 21:24:02,969 - kedro_telemetry.plugin - INFO - Kedro is sending anonymous usage data with the sole purpose of improving the product. No personal data or IP addresses are stored on our side. If you want to opt out, set the `KEDRO_DISABLE_TELEMETRY` or `DO_NOT_TRACK` environment variables, or create a `.telemetry` file in the current working directory with the contents `consent: false`. Read more at https://docs.kedro.org/en/stable/configuration/telemetry.html
2025-05-25 21:27:18,532 - kedro.framework.project - INFO - Using 'conf\logging.yml' as logging configuration. You can change this by setting the KEDRO_LOGGING_CONFIG environment variable accordingly.
2025-05-25 21:27:19,374 - py.warnings - WARNING - C:\Users\timsc\Desktop\MDA Kedro\horizon-funding\.venv\Lib\site-packages\kedro\framework\cli\utils.py:111: KedroDeprecationWarning: DeprecationWarning: 'kedro run' flag '--namespace' is deprecated and will be replaced with '--namespaces' from Kedro 1.0.0 to allow running multiple namespaces. 
  warnings.warn(message, KedroDeprecationWarning)

2025-05-25 21:27:19,530 - kedro.framework.session.session - INFO - Kedro project horizon-funding
2025-05-25 21:27:22,238 - py.warnings - WARNING - C:\Users\timsc\Desktop\MDA Kedro\horizon-funding\.venv\Lib\site-packages\kedro\io\core.py:575: UserWarning: Since kedro-datasets 2.0, 'Dataset' is spelled with a lowercase 's'. Got 'pandas.ParquetDataSet'.
  warnings.warn(

2025-05-25 21:27:22,245 - kedro_telemetry.plugin - INFO - Kedro is sending anonymous usage data with the sole purpose of improving the product. No personal data or IP addresses are stored on our side. If you want to opt out, set the `KEDRO_DISABLE_TELEMETRY` or `DO_NOT_TRACK` environment variables, or create a `.telemetry` file in the current working directory with the contents `consent: false`. Read more at https://docs.kedro.org/en/stable/configuration/telemetry.html
2025-05-25 22:10:04,487 - kedro.framework.project - INFO - Using 'conf\logging.yml' as logging configuration. You can change this by setting the KEDRO_LOGGING_CONFIG environment variable accordingly.
2025-05-25 22:10:06,769 - py.warnings - WARNING - C:\Users\timsc\Desktop\MDA Kedro\horizon-funding\.venv\Lib\site-packages\kedro\framework\cli\utils.py:111: KedroDeprecationWarning: DeprecationWarning: 'kedro run' flag '--namespace' is deprecated and will be replaced with '--namespaces' from Kedro 1.0.0 to allow running multiple namespaces. 
  warnings.warn(message, KedroDeprecationWarning)

2025-05-25 22:10:06,941 - kedro.framework.session.session - INFO - Kedro project horizon-funding
2025-05-25 22:10:18,537 - py.warnings - WARNING - C:\Users\timsc\Desktop\MDA Kedro\horizon-funding\.venv\Lib\site-packages\kedro\io\core.py:575: UserWarning: Since kedro-datasets 2.0, 'Dataset' is spelled with a lowercase 's'. Got 'pandas.ParquetDataSet'.
  warnings.warn(

2025-05-25 22:10:18,578 - kedro_telemetry.plugin - INFO - Kedro is sending anonymous usage data with the sole purpose of improving the product. No personal data or IP addresses are stored on our side. If you want to opt out, set the `KEDRO_DISABLE_TELEMETRY` or `DO_NOT_TRACK` environment variables, or create a `.telemetry` file in the current working directory with the contents `consent: false`. Read more at https://docs.kedro.org/en/stable/configuration/telemetry.html
2025-05-25 22:24:22,501 - kedro.framework.project - INFO - Using 'conf\logging.yml' as logging configuration. You can change this by setting the KEDRO_LOGGING_CONFIG environment variable accordingly.
2025-05-25 22:24:26,980 - kedro.framework.cli.utils - WARNING - Failed to load kedro_mlflow.framework.cli.cli commands from EntryPoint(name='kedro_mlflow', value='kedro_mlflow.framework.cli.cli:commands', group='kedro.project_commands'). Full exception: No module named 'pydantic_core._pydantic_core'
2025-05-25 22:24:27,093 - kedro.framework.cli.utils - WARNING - Failed to load kedro_mlflow.framework.cli.cli commands from EntryPoint(name='kedro_mlflow', value='kedro_mlflow.framework.cli.cli:commands', group='kedro.project_commands'). Full exception: No module named 'pydantic_core._pydantic_core'
2025-05-25 22:24:27,114 - py.warnings - WARNING - C:\Users\timsc\Desktop\MDA Kedro\horizon-funding\.venv\lib\site-packages\kedro\framework\cli\utils.py:111: KedroDeprecationWarning: DeprecationWarning: 'kedro run' flag '--namespace' is deprecated and will be replaced with '--namespaces' from Kedro 1.0.0 to allow running multiple namespaces. 
  warnings.warn(message, KedroDeprecationWarning)

2025-05-25 22:24:27,173 - kedro_telemetry.plugin - INFO - Kedro is sending anonymous usage data with the sole purpose of improving the product. No personal data or IP addresses are stored on our side. If you want to opt out, set the `KEDRO_DISABLE_TELEMETRY` or `DO_NOT_TRACK` environment variables, or create a `.telemetry` file in the current working directory with the contents `consent: false`. Read more at https://docs.kedro.org/en/stable/configuration/telemetry.html
2025-05-25 22:26:24,367 - kedro.framework.project - INFO - Using 'conf\logging.yml' as logging configuration. You can change this by setting the KEDRO_LOGGING_CONFIG environment variable accordingly.
2025-05-25 22:26:24,790 - kedro.framework.cli.utils - WARNING - Failed to load kedro_mlflow.framework.cli.cli commands from EntryPoint(name='kedro_mlflow', value='kedro_mlflow.framework.cli.cli:commands', group='kedro.project_commands'). Full exception: No module named 'pydantic_core._pydantic_core'
2025-05-25 22:26:24,905 - kedro.framework.cli.utils - WARNING - Failed to load kedro_mlflow.framework.cli.cli commands from EntryPoint(name='kedro_mlflow', value='kedro_mlflow.framework.cli.cli:commands', group='kedro.project_commands'). Full exception: No module named 'pydantic_core._pydantic_core'
2025-05-25 22:26:24,914 - py.warnings - WARNING - C:\Users\timsc\Desktop\MDA Kedro\horizon-funding\.venv\lib\site-packages\kedro\framework\cli\utils.py:111: KedroDeprecationWarning: DeprecationWarning: 'kedro run' flag '--namespace' is deprecated and will be replaced with '--namespaces' from Kedro 1.0.0 to allow running multiple namespaces. 
  warnings.warn(message, KedroDeprecationWarning)

2025-05-25 22:26:24,938 - kedro_telemetry.plugin - INFO - Kedro is sending anonymous usage data with the sole purpose of improving the product. No personal data or IP addresses are stored on our side. If you want to opt out, set the `KEDRO_DISABLE_TELEMETRY` or `DO_NOT_TRACK` environment variables, or create a `.telemetry` file in the current working directory with the contents `consent: false`. Read more at https://docs.kedro.org/en/stable/configuration/telemetry.html
2025-05-25 22:29:30,791 - kedro.framework.project - INFO - Using 'conf\logging.yml' as logging configuration. You can change this by setting the KEDRO_LOGGING_CONFIG environment variable accordingly.
2025-05-25 22:29:41,556 - kedro.framework.cli.utils - WARNING - Failed to load kedro_mlflow.framework.cli.cli commands from EntryPoint(name='kedro_mlflow', value='kedro_mlflow.framework.cli.cli:commands', group='kedro.project_commands'). Full exception: cannot import name 'infer_signature' from 'mlflow.models' (C:\Users\timsc\Desktop\MDA Kedro\horizon-funding\.venv\lib\site-packages\mlflow\models\__init__.py)
2025-05-25 22:29:41,744 - kedro.framework.cli.utils - WARNING - Failed to load kedro_mlflow.framework.cli.cli commands from EntryPoint(name='kedro_mlflow', value='kedro_mlflow.framework.cli.cli:commands', group='kedro.project_commands'). Full exception: cannot import name 'infer_signature' from 'mlflow.models' (C:\Users\timsc\Desktop\MDA Kedro\horizon-funding\.venv\lib\site-packages\mlflow\models\__init__.py)
2025-05-25 22:29:41,754 - py.warnings - WARNING - C:\Users\timsc\Desktop\MDA Kedro\horizon-funding\.venv\lib\site-packages\kedro\framework\cli\utils.py:111: KedroDeprecationWarning: DeprecationWarning: 'kedro run' flag '--namespace' is deprecated and will be replaced with '--namespaces' from Kedro 1.0.0 to allow running multiple namespaces. 
  warnings.warn(message, KedroDeprecationWarning)

2025-05-25 22:29:41,776 - kedro_telemetry.plugin - INFO - Kedro is sending anonymous usage data with the sole purpose of improving the product. No personal data or IP addresses are stored on our side. If you want to opt out, set the `KEDRO_DISABLE_TELEMETRY` or `DO_NOT_TRACK` environment variables, or create a `.telemetry` file in the current working directory with the contents `consent: false`. Read more at https://docs.kedro.org/en/stable/configuration/telemetry.html
2025-05-25 22:33:52,593 - kedro.framework.project - INFO - Using 'conf\logging.yml' as logging configuration. You can change this by setting the KEDRO_LOGGING_CONFIG environment variable accordingly.
2025-05-25 22:33:54,141 - kedro.framework.cli.utils - WARNING - Failed to load kedro_mlflow.framework.cli.cli commands from EntryPoint(name='kedro_mlflow', value='kedro_mlflow.framework.cli.cli:commands', group='kedro.project_commands'). Full exception: cannot import name 'infer_signature' from 'mlflow.models' (C:\Users\timsc\Desktop\MDA Kedro\horizon-funding\.venv\lib\site-packages\mlflow\models\__init__.py)
2025-05-25 22:33:54,317 - kedro.framework.cli.utils - WARNING - Failed to load kedro_mlflow.framework.cli.cli commands from EntryPoint(name='kedro_mlflow', value='kedro_mlflow.framework.cli.cli:commands', group='kedro.project_commands'). Full exception: cannot import name 'infer_signature' from 'mlflow.models' (C:\Users\timsc\Desktop\MDA Kedro\horizon-funding\.venv\lib\site-packages\mlflow\models\__init__.py)
2025-05-25 22:33:54,326 - py.warnings - WARNING - C:\Users\timsc\Desktop\MDA Kedro\horizon-funding\.venv\lib\site-packages\kedro\framework\cli\utils.py:111: KedroDeprecationWarning: DeprecationWarning: 'kedro run' flag '--namespace' is deprecated and will be replaced with '--namespaces' from Kedro 1.0.0 to allow running multiple namespaces. 
  warnings.warn(message, KedroDeprecationWarning)

2025-05-25 22:33:54,373 - kedro_telemetry.plugin - INFO - Kedro is sending anonymous usage data with the sole purpose of improving the product. No personal data or IP addresses are stored on our side. If you want to opt out, set the `KEDRO_DISABLE_TELEMETRY` or `DO_NOT_TRACK` environment variables, or create a `.telemetry` file in the current working directory with the contents `consent: false`. Read more at https://docs.kedro.org/en/stable/configuration/telemetry.html
2025-05-25 22:34:35,631 - kedro.framework.project - INFO - Using 'conf\logging.yml' as logging configuration. You can change this by setting the KEDRO_LOGGING_CONFIG environment variable accordingly.
2025-05-25 22:34:37,087 - kedro.framework.cli.utils - WARNING - Failed to load kedro_mlflow.framework.cli.cli commands from EntryPoint(name='kedro_mlflow', value='kedro_mlflow.framework.cli.cli:commands', group='kedro.project_commands'). Full exception: cannot import name 'infer_signature' from 'mlflow.models' (C:\Users\timsc\Desktop\MDA Kedro\horizon-funding\.venv\lib\site-packages\mlflow\models\__init__.py)
2025-05-25 22:34:37,251 - kedro.framework.cli.utils - WARNING - Failed to load kedro_mlflow.framework.cli.cli commands from EntryPoint(name='kedro_mlflow', value='kedro_mlflow.framework.cli.cli:commands', group='kedro.project_commands'). Full exception: cannot import name 'infer_signature' from 'mlflow.models' (C:\Users\timsc\Desktop\MDA Kedro\horizon-funding\.venv\lib\site-packages\mlflow\models\__init__.py)
2025-05-25 22:34:37,260 - py.warnings - WARNING - C:\Users\timsc\Desktop\MDA Kedro\horizon-funding\.venv\lib\site-packages\kedro\framework\cli\utils.py:111: KedroDeprecationWarning: DeprecationWarning: 'kedro run' flag '--namespace' is deprecated and will be replaced with '--namespaces' from Kedro 1.0.0 to allow running multiple namespaces. 
  warnings.warn(message, KedroDeprecationWarning)

2025-05-25 22:34:37,278 - kedro_telemetry.plugin - INFO - Kedro is sending anonymous usage data with the sole purpose of improving the product. No personal data or IP addresses are stored on our side. If you want to opt out, set the `KEDRO_DISABLE_TELEMETRY` or `DO_NOT_TRACK` environment variables, or create a `.telemetry` file in the current working directory with the contents `consent: false`. Read more at https://docs.kedro.org/en/stable/configuration/telemetry.html
2025-05-25 23:08:30,709 - kedro.framework.project - INFO - Using 'conf\logging.yml' as logging configuration. You can change this by setting the KEDRO_LOGGING_CONFIG environment variable accordingly.
2025-05-25 23:08:33,083 - py.warnings - WARNING - C:\Users\timsc\Desktop\MDA Kedro\horizon-funding\.venv\lib\site-packages\kedro\framework\cli\utils.py:111: KedroDeprecationWarning: DeprecationWarning: 'kedro run' flag '--namespace' is deprecated and will be replaced with '--namespaces' from Kedro 1.0.0 to allow running multiple namespaces. 
  warnings.warn(message, KedroDeprecationWarning)

2025-05-25 23:08:33,229 - kedro.framework.session.session - INFO - Kedro project horizon-funding
2025-05-25 23:08:33,266 - kedro_mlflow.framework.hooks.mlflow_hook - INFO - Registering new custom resolver: 'km.random_name'
2025-05-25 23:08:33,273 - kedro_mlflow.config.kedro_mlflow_config - INFO - The 'tracking_uri' key in mlflow.yml is relative ('server.mlflow_(tracking|registry)_uri = ./mlruns'). It is converted to a valid uri: 'file:///C:/Users/timsc/Desktop/MDA%20Kedro/horizon-funding/mlruns'
2025-05-25 23:08:33,900 - py.warnings - WARNING - C:\Users\timsc\Desktop\MDA Kedro\horizon-funding\.venv\lib\site-packages\kedro\io\core.py:575: UserWarning: Since kedro-datasets 2.0, 'Dataset' is spelled with a lowercase 's'. Got 'pandas.CSVDataSet'.
  warnings.warn(

2025-05-25 23:08:33,904 - kedro_telemetry.plugin - INFO - Kedro is sending anonymous usage data with the sole purpose of improving the product. No personal data or IP addresses are stored on our side. If you want to opt out, set the `KEDRO_DISABLE_TELEMETRY` or `DO_NOT_TRACK` environment variables, or create a `.telemetry` file in the current working directory with the contents `consent: false`. Read more at https://docs.kedro.org/en/stable/configuration/telemetry.html
